<?xml version="1.0" encoding="UTF-8"?>
<testsuite name="TestStringAndMapBuilders" tests="1" skipped="0" failures="0" errors="0" timestamp="2021-08-15T19:36:51" hostname="gor" time="0.006">
  <properties/>
  <testcase name="testBuildMap" classname="TestStringAndMapBuilders" time="0.006"/>
  <system-out><![CDATA[]]></system-out>
  <system-err><![CDATA[]]></system-err>
</testsuite>
