<?xml version="1.0" encoding="UTF-8"?>
<testsuite name="TestDelegatesExamples" tests="2" skipped="0" failures="0" errors="0" timestamp="2021-08-14T09:43:53" hostname="gor" time="0.028">
  <properties/>
  <testcase name="testLazy" classname="TestDelegatesExamples" time="0.025"/>
  <testcase name="initializedOnce" classname="TestDelegatesExamples" time="0.003"/>
  <system-out><![CDATA[]]></system-out>
  <system-err><![CDATA[]]></system-err>
</testsuite>
