<?xml version="1.0" encoding="UTF-8"?>
<testsuite name="TestIntroduction" tests="1" skipped="0" failures="0" errors="0" timestamp="2021-08-19T12:56:13" hostname="gor" time="0.074">
  <properties/>
  <testcase name="testSetOfCustomers" classname="TestIntroduction" time="0.074"/>
  <system-out><![CDATA[]]></system-out>
  <system-err><![CDATA[]]></system-err>
</testsuite>
