<?xml version="1.0" encoding="UTF-8"?>
<testsuite name="TestAssociate" tests="3" skipped="0" failures="0" errors="0" timestamp="2021-08-19T20:46:24" hostname="gor" time="0.065">
  <properties/>
  <testcase name="testAssociate" classname="TestAssociate" time="0.061"/>
  <testcase name="testAssociateBy" classname="TestAssociate" time="0.002"/>
  <testcase name="testAssociateWith" classname="TestAssociate" time="0.001"/>
  <system-out><![CDATA[]]></system-out>
  <system-err><![CDATA[]]></system-err>
</testsuite>
