<?xml version="1.0" encoding="UTF-8"?>
<testsuite name="TestStart" tests="1" skipped="0" failures="0" errors="0" timestamp="2021-08-05T14:25:34" hostname="gor-Lenovo-ideapad-500-15ISK" time="0.008">
  <properties/>
  <testcase name="testOk" classname="TestStart" time="0.008"/>
  <system-out><![CDATA[]]></system-out>
  <system-err><![CDATA[]]></system-err>
</testsuite>
