<?xml version="1.0" encoding="UTF-8"?>
<testsuite name="TestNamedArguments" tests="1" skipped="0" failures="0" errors="0" timestamp="2021-08-05T14:28:12" hostname="gor-Lenovo-ideapad-500-15ISK" time="0.045">
  <properties/>
  <testcase name="testJoinToString" classname="TestNamedArguments" time="0.045"/>
  <system-out><![CDATA[]]></system-out>
  <system-err><![CDATA[]]></system-err>
</testsuite>
