<?xml version="1.0" encoding="UTF-8"?>
<testsuite name="Test" tests="1" skipped="0" failures="0" errors="0" timestamp="2021-08-05T14:43:19" hostname="gor-Lenovo-ideapad-500-15ISK" time="0.08">
  <properties/>
  <testcase name="testSolution" classname="Test" time="0.08"/>
  <system-out><![CDATA[]]></system-out>
  <system-err><![CDATA[]]></system-err>
</testsuite>
