<?xml version="1.0" encoding="UTF-8"?>
<testsuite name="TestLambdas" tests="2" skipped="0" failures="0" errors="0" timestamp="2021-08-05T15:02:44" hostname="gor-Lenovo-ideapad-500-15ISK" time="0.027">
  <properties/>
  <testcase name="contains" classname="TestLambdas" time="0.026"/>
  <testcase name="notContains" classname="TestLambdas" time="0.0"/>
  <system-out><![CDATA[]]></system-out>
  <system-err><![CDATA[]]></system-err>
</testsuite>
