<?xml version="1.0" encoding="UTF-8"?>
<testsuite name="TestGroupBy" tests="1" skipped="0" failures="0" errors="0" timestamp="2021-08-19T20:15:16" hostname="gor" time="0.055">
  <properties/>
  <testcase name="testGroupCustomersByCity" classname="TestGroupBy" time="0.055"/>
  <system-out><![CDATA[]]></system-out>
  <system-err><![CDATA[]]></system-err>
</testsuite>
